2024-05-18 15:42:27,801 - ERROR - Failed to write to .codestract/project_export_20240518_154227.txt: 'utf-8' codec can't decode byte 0xba in position 17: invalid start byte
2024-05-18 15:42:27,801 - ERROR - Failed to export code base.
2024-05-18 15:44:20,225 - ERROR - Error reading file ./.git/index: 'utf-8' codec can't decode byte 0xba in position 17: invalid start byte
2024-05-18 15:44:20,226 - ERROR - Error reading file ./.git/objects/pack/pack-e4419e572addeb8e39228dd84647cfd734a3a303.pack: 'utf-8' codec can't decode byte 0xaf in position 12: invalid start byte
2024-05-18 15:44:20,226 - ERROR - Error reading file ./.git/objects/pack/pack-e4419e572addeb8e39228dd84647cfd734a3a303.idx: 'utf-8' codec can't decode byte 0xff in position 0: invalid start byte
2024-05-18 15:44:20,228 - INFO - Summary:
- Total characters: 55363
- Total files processed: 31
- Total file size: 60004 bytes
- Skipped directories: 0
- Skipped files: 4
- Execution time: 0:00:00.005115

2024-05-18 15:44:20,228 - INFO - Skipped files:
2024-05-18 15:44:20,229 - INFO - ./readme-image.gif
2024-05-18 15:44:20,229 - INFO - ./.git/index
2024-05-18 15:44:20,229 - INFO - ./.git/objects/pack/pack-e4419e572addeb8e39228dd84647cfd734a3a303.pack
2024-05-18 15:44:20,229 - INFO - ./.git/objects/pack/pack-e4419e572addeb8e39228dd84647cfd734a3a303.idx
2024-05-18 15:44:20,229 - INFO - Code base exported successfully.
2024-05-18 15:47:22,051 - ERROR - Error reading file ./__pycache__/csgui.cpython-311.pyc: 'utf-8' codec can't decode byte 0xa7 in position 0: invalid start byte
2024-05-18 15:47:22,052 - ERROR - Error reading file ./.git/index: 'utf-8' codec can't decode byte 0xba in position 17: invalid start byte
2024-05-18 15:47:22,053 - ERROR - Error reading file ./.git/objects/pack/pack-e4419e572addeb8e39228dd84647cfd734a3a303.pack: 'utf-8' codec can't decode byte 0xaf in position 12: invalid start byte
2024-05-18 15:47:22,053 - ERROR - Error reading file ./.git/objects/pack/pack-e4419e572addeb8e39228dd84647cfd734a3a303.idx: 'utf-8' codec can't decode byte 0xff in position 0: invalid start byte
2024-05-18 15:47:22,056 - INFO - Summary:
- Total characters: 99126
- Total files processed: 32
- Total file size: 103935 bytes
- Skipped directories: 0
- Skipped files: 5
- Execution time: 0:00:00.005683

2024-05-18 15:47:22,056 - INFO - Skipped files:
2024-05-18 15:47:22,056 - INFO - ./readme-image.gif
2024-05-18 15:47:22,056 - INFO - ./__pycache__/csgui.cpython-311.pyc
2024-05-18 15:47:22,056 - INFO - ./.git/index
2024-05-18 15:47:22,056 - INFO - ./.git/objects/pack/pack-e4419e572addeb8e39228dd84647cfd734a3a303.pack
2024-05-18 15:47:22,056 - INFO - ./.git/objects/pack/pack-e4419e572addeb8e39228dd84647cfd734a3a303.idx
2024-05-18 15:50:55,919 - INFO - Summary:
- Total characters: 10440
- Total files processed: 3
- Total file size: 10442 bytes
- Skipped directories: 0
- Skipped files: 35
- Execution time: 0:00:00.002452

2024-05-18 15:50:55,919 - INFO - Skipped files:
2024-05-18 15:50:55,919 - INFO - ./LICENSE
2024-05-18 15:50:55,919 - INFO - ./requirements.txt
2024-05-18 15:50:55,919 - INFO - ./readme-image.gif
2024-05-18 15:50:55,919 - INFO - ./.codestract/project_export_20240518_154722.txt
2024-05-18 15:50:55,919 - INFO - ./.codestract/project_export_20240518_154420.txt
2024-05-18 15:50:55,919 - INFO - ./.codestract/logfile.log
2024-05-18 15:50:55,920 - INFO - ./.codestract/project_export_20240518_155055.txt
2024-05-18 15:50:55,920 - INFO - ./__pycache__/csgui.cpython-311.pyc
2024-05-18 15:50:55,920 - INFO - ./.git/config
2024-05-18 15:50:55,920 - INFO - ./.git/HEAD
2024-05-18 15:50:55,920 - INFO - ./.git/description
2024-05-18 15:50:55,920 - INFO - ./.git/index
2024-05-18 15:50:55,920 - INFO - ./.git/packed-refs
2024-05-18 15:50:55,920 - INFO - ./.git/FETCH_HEAD
2024-05-18 15:50:55,920 - INFO - ./.git/objects/pack/pack-e4419e572addeb8e39228dd84647cfd734a3a303.pack
2024-05-18 15:50:55,920 - INFO - ./.git/objects/pack/pack-e4419e572addeb8e39228dd84647cfd734a3a303.idx
2024-05-18 15:50:55,920 - INFO - ./.git/info/exclude
2024-05-18 15:50:55,920 - INFO - ./.git/logs/HEAD
2024-05-18 15:50:55,920 - INFO - ./.git/logs/refs/heads/main
2024-05-18 15:50:55,920 - INFO - ./.git/logs/refs/remotes/origin/HEAD
2024-05-18 15:50:55,920 - INFO - ./.git/hooks/commit-msg.sample
2024-05-18 15:50:55,920 - INFO - ./.git/hooks/pre-rebase.sample
2024-05-18 15:50:55,920 - INFO - ./.git/hooks/pre-commit.sample
2024-05-18 15:50:55,921 - INFO - ./.git/hooks/applypatch-msg.sample
2024-05-18 15:50:55,921 - INFO - ./.git/hooks/fsmonitor-watchman.sample
2024-05-18 15:50:55,921 - INFO - ./.git/hooks/pre-receive.sample
2024-05-18 15:50:55,921 - INFO - ./.git/hooks/prepare-commit-msg.sample
2024-05-18 15:50:55,921 - INFO - ./.git/hooks/post-update.sample
2024-05-18 15:50:55,921 - INFO - ./.git/hooks/pre-merge-commit.sample
2024-05-18 15:50:55,921 - INFO - ./.git/hooks/pre-applypatch.sample
2024-05-18 15:50:55,921 - INFO - ./.git/hooks/pre-push.sample
2024-05-18 15:50:55,921 - INFO - ./.git/hooks/update.sample
2024-05-18 15:50:55,921 - INFO - ./.git/hooks/push-to-checkout.sample
2024-05-18 15:50:55,921 - INFO - ./.git/refs/heads/main
2024-05-18 15:50:55,921 - INFO - ./.git/refs/remotes/origin/HEAD
2024-05-18 15:51:11,942 - INFO - Code base exported successfully.
2024-05-18 15:57:59,821 - INFO - Summary:
- Total characters: 0
- Total files processed: 0
- Total file size: 0 bytes
- Skipped directories: 0
- Skipped files: 39
- Execution time: 0:00:00.002264

2024-05-18 15:57:59,822 - INFO - Skipped files:
2024-05-18 15:57:59,822 - INFO - ./LICENSE
2024-05-18 15:57:59,822 - INFO - ./requirements.txt
2024-05-18 15:57:59,822 - INFO - ./csgui.py
2024-05-18 15:57:59,822 - INFO - ./readme-image.gif
2024-05-18 15:57:59,822 - INFO - ./README.md
2024-05-18 15:57:59,822 - INFO - ./app.py
2024-05-18 15:57:59,822 - INFO - ./.codestract/project_export_20240518_154722.txt
2024-05-18 15:57:59,822 - INFO - ./.codestract/project_export_20240518_155759.txt
2024-05-18 15:57:59,823 - INFO - ./.codestract/project_export_20240518_154420.txt
2024-05-18 15:57:59,823 - INFO - ./.codestract/logfile.log
2024-05-18 15:57:59,823 - INFO - ./.codestract/project_export_20240518_155055.txt
2024-05-18 15:57:59,823 - INFO - ./__pycache__/csgui.cpython-311.pyc
2024-05-18 15:57:59,823 - INFO - ./.git/config
2024-05-18 15:57:59,823 - INFO - ./.git/HEAD
2024-05-18 15:57:59,823 - INFO - ./.git/description
2024-05-18 15:57:59,823 - INFO - ./.git/index
2024-05-18 15:57:59,823 - INFO - ./.git/packed-refs
2024-05-18 15:57:59,823 - INFO - ./.git/FETCH_HEAD
2024-05-18 15:57:59,823 - INFO - ./.git/objects/pack/pack-e4419e572addeb8e39228dd84647cfd734a3a303.pack
2024-05-18 15:57:59,823 - INFO - ./.git/objects/pack/pack-e4419e572addeb8e39228dd84647cfd734a3a303.idx
2024-05-18 15:57:59,823 - INFO - ./.git/info/exclude
2024-05-18 15:57:59,823 - INFO - ./.git/logs/HEAD
2024-05-18 15:57:59,823 - INFO - ./.git/logs/refs/heads/main
2024-05-18 15:57:59,823 - INFO - ./.git/logs/refs/remotes/origin/HEAD
2024-05-18 15:57:59,823 - INFO - ./.git/hooks/commit-msg.sample
2024-05-18 15:57:59,823 - INFO - ./.git/hooks/pre-rebase.sample
2024-05-18 15:57:59,823 - INFO - ./.git/hooks/pre-commit.sample
2024-05-18 15:57:59,823 - INFO - ./.git/hooks/applypatch-msg.sample
2024-05-18 15:57:59,823 - INFO - ./.git/hooks/fsmonitor-watchman.sample
2024-05-18 15:57:59,824 - INFO - ./.git/hooks/pre-receive.sample
2024-05-18 15:57:59,824 - INFO - ./.git/hooks/prepare-commit-msg.sample
2024-05-18 15:57:59,824 - INFO - ./.git/hooks/post-update.sample
2024-05-18 15:57:59,824 - INFO - ./.git/hooks/pre-merge-commit.sample
2024-05-18 15:57:59,824 - INFO - ./.git/hooks/pre-applypatch.sample
2024-05-18 15:57:59,824 - INFO - ./.git/hooks/pre-push.sample
2024-05-18 15:57:59,824 - INFO - ./.git/hooks/update.sample
2024-05-18 15:57:59,824 - INFO - ./.git/hooks/push-to-checkout.sample
2024-05-18 15:57:59,824 - INFO - ./.git/refs/heads/main
2024-05-18 15:57:59,824 - INFO - ./.git/refs/remotes/origin/HEAD
2024-05-18 15:58:04,193 - INFO - Code base exported successfully.
2024-05-18 15:59:28,368 - INFO - Summary:
- Total characters: 0
- Total files processed: 0
- Total file size: 0 bytes
- Skipped directories: 0
- Skipped files: 40
- Execution time: 0:00:00.001551

2024-05-18 15:59:28,368 - INFO - Skipped files:
2024-05-18 15:59:28,368 - INFO - ./LICENSE
2024-05-18 15:59:28,368 - INFO - ./requirements.txt
2024-05-18 15:59:28,368 - INFO - ./csgui.py
2024-05-18 15:59:28,369 - INFO - ./readme-image.gif
2024-05-18 15:59:28,369 - INFO - ./README.md
2024-05-18 15:59:28,369 - INFO - ./app.py
2024-05-18 15:59:28,369 - INFO - ./.codestract/project_export_20240518_154722.txt
2024-05-18 15:59:28,369 - INFO - ./.codestract/project_export_20240518_155759.txt
2024-05-18 15:59:28,369 - INFO - ./.codestract/project_export_20240518_154420.txt
2024-05-18 15:59:28,369 - INFO - ./.codestract/logfile.log
2024-05-18 15:59:28,369 - INFO - ./.codestract/project_export_20240518_155055.txt
2024-05-18 15:59:28,369 - INFO - ./.codestract/project_export_20240518_155928.txt
2024-05-18 15:59:28,369 - INFO - ./__pycache__/csgui.cpython-311.pyc
2024-05-18 15:59:28,369 - INFO - ./.git/config
2024-05-18 15:59:28,369 - INFO - ./.git/HEAD
2024-05-18 15:59:28,369 - INFO - ./.git/description
2024-05-18 15:59:28,369 - INFO - ./.git/index
2024-05-18 15:59:28,369 - INFO - ./.git/packed-refs
2024-05-18 15:59:28,369 - INFO - ./.git/FETCH_HEAD
2024-05-18 15:59:28,369 - INFO - ./.git/objects/pack/pack-e4419e572addeb8e39228dd84647cfd734a3a303.pack
2024-05-18 15:59:28,369 - INFO - ./.git/objects/pack/pack-e4419e572addeb8e39228dd84647cfd734a3a303.idx
2024-05-18 15:59:28,369 - INFO - ./.git/info/exclude
2024-05-18 15:59:28,369 - INFO - ./.git/logs/HEAD
2024-05-18 15:59:28,369 - INFO - ./.git/logs/refs/heads/main
2024-05-18 15:59:28,369 - INFO - ./.git/logs/refs/remotes/origin/HEAD
2024-05-18 15:59:28,369 - INFO - ./.git/hooks/commit-msg.sample
2024-05-18 15:59:28,369 - INFO - ./.git/hooks/pre-rebase.sample
2024-05-18 15:59:28,370 - INFO - ./.git/hooks/pre-commit.sample
2024-05-18 15:59:28,370 - INFO - ./.git/hooks/applypatch-msg.sample
2024-05-18 15:59:28,370 - INFO - ./.git/hooks/fsmonitor-watchman.sample
2024-05-18 15:59:28,370 - INFO - ./.git/hooks/pre-receive.sample
2024-05-18 15:59:28,370 - INFO - ./.git/hooks/prepare-commit-msg.sample
2024-05-18 15:59:28,370 - INFO - ./.git/hooks/post-update.sample
2024-05-18 15:59:28,370 - INFO - ./.git/hooks/pre-merge-commit.sample
2024-05-18 15:59:28,370 - INFO - ./.git/hooks/pre-applypatch.sample
2024-05-18 15:59:28,370 - INFO - ./.git/hooks/pre-push.sample
2024-05-18 15:59:28,370 - INFO - ./.git/hooks/update.sample
2024-05-18 15:59:28,370 - INFO - ./.git/hooks/push-to-checkout.sample
2024-05-18 15:59:28,370 - INFO - ./.git/refs/heads/main
2024-05-18 15:59:28,370 - INFO - ./.git/refs/remotes/origin/HEAD
2024-05-18 16:00:21,979 - INFO - Code base exported successfully.
